
Showing logs for build [32mcb-kubecd-environment-pr-182-73-bpq72-1[0m stage [32mfrom-build-pack[0m and container [32mstep-credential-initializer-v2dpk[0m
{"level":"warn","ts":1584283555.0844185,"logger":"fallback-logger","caller":"logging/config.go:69","msg":"Fetch GitHub commit ID from kodata failed: \"ref: refs/heads/0.8.0-**-support-backwards-incompats\" is not a valid GitHub commit ID"}
{"level":"info","ts":1584283555.0855885,"logger":"fallback-logger","caller":"creds-init/main.go:40","msg":"Credentials initialized."}

Showing logs for build [32mcb-kubecd-environment-pr-182-73-bpq72-1[0m stage [32mfrom-build-pack[0m and container [32mstep-working-dir-initializer-wvzkd[0m
{"level":"warn","ts":1584283555.8673885,"logger":"fallback-logger","caller":"logging/config.go:69","msg":"Fetch GitHub commit ID from kodata failed: open /var/run/ko/HEAD: no such file or directory"}
{"level":"info","ts":1584283555.8691804,"logger":"fallback-logger","caller":"bash/main.go:64","msg":"Successfully executed command \"sh -c mkdir -p /workspace/source\"; output "}

Showing logs for build [32mcb-kubecd-environment-pr-182-73-bpq72-1[0m stage [32mfrom-build-pack[0m and container [32mstep-place-tools[0m

Showing logs for build [32mcb-kubecd-environment-pr-182-73-bpq72-1[0m stage [32mfrom-build-pack[0m and container [32mstep-git-source-cb-kubecd-environment-pr-182-73-bpq72-4mrc2[0m
{"level":"warn","ts":1584283561.3123689,"logger":"fallback-logger","caller":"logging/config.go:69","msg":"Fetch GitHub commit ID from kodata failed: \"ref: refs/heads/0.8.0-**-support-backwards-incompats\" is not a valid GitHub commit ID"}
{"level":"info","ts":1584283562.3713531,"logger":"fallback-logger","caller":"git/git.go:103","msg":"Successfully cloned https://github.com/cb-kubecd/environment-pr-182-73-boot-gke-staging.git @ master in path /workspace/source"}

Showing logs for build [32mcb-kubecd-environment-pr-182-73-bpq72-1[0m stage [32mfrom-build-pack[0m and container [32mstep-git-merge[0m
Using SHAs from PULL_REFS=master:2e1b5b83b95b9180058ade0d18fea4ed3557f270,2:33f457b3995a38425a0da60bf06d5af813e94e71
DEBUG: LC_ALL=C JX_LOG_LEVEL=error git fetch origin --unshallow 33f457b3995a38425a0da60bf06d5af813e94e71: 2e1b5b83b95b9180058ade0d18fea4ed3557f270:
DEBUG: ran git fetch --unshallow origin 33f457b3995a38425a0da60bf06d5af813e94e71: 2e1b5b83b95b9180058ade0d18fea4ed3557f270: in 
DEBUG: LC_ALL=C JX_LOG_LEVEL=error git branch
DEBUG: LC_ALL=C JX_LOG_LEVEL=error git checkout master
DEBUG: ran git checkout master in 
DEBUG: JX_LOG_LEVEL=error LC_ALL=C git reset --hard 2e1b5b83b95b9180058ade0d18fea4ed3557f270
DEBUG: ran git reset --hard 2e1b5b83b95b9180058ade0d18fea4ed3557f270 in 
DEBUG: JX_LOG_LEVEL=error LC_ALL=C git clean -fd .
DEBUG: ran clean --force -d . in 
DEBUG: JX_LOG_LEVEL=error LC_ALL=C git merge 33f457b3995a38425a0da60bf06d5af813e94e71
DEBUG: ran git merge 33f457b3995a38425a0da60bf06d5af813e94e71 in 
DEBUG: LC_ALL=C JX_LOG_LEVEL=error git log --format=%H%x1f%an%x1f%ae%x1f%cn%x1f%ce%x1f%s%n%b%x1e 2e1b5b83b95b9180058ade0d18fea4ed3557f270..HEAD
Merged SHA 33f457b3995a38425a0da60bf06d5af813e94e71 with commit message 'chore: Promote bdd-nh-1584283269 to version 0.0.1' into base branch master

Showing logs for build [32mcb-kubecd-environment-pr-182-73-bpq72-1[0m stage [32mfrom-build-pack[0m and container [32mstep-build-helm-build[0m
WARNING: No $CHART_REPOSITORY defined so using the default value of: http://jenkins-x-chartmuseum:8080
Adding missing Helm repo: storage.googleapis.com https://storage.googleapis.com/chartmuseum.jenkins-x.io
WARNING: No secrets found on "helm/repos" due: reading the secret "helm/repos" from vault: no secret "helm/repos" not found in vault
Read credentials for https://storage.googleapis.com/chartmuseum.jenkins-x.io from vault helm/repos
Successfully added Helm repository storage.googleapis.com.
Adding missing Helm repo: jenkins-x-chartmuseum http://jenkins-x-chartmuseum:8080
WARNING: No secrets found on "helm/repos" due: reading the secret "helm/repos" from vault: no secret "helm/repos" not found in vault
Read credentials for http://jenkins-x-chartmuseum:8080 from vault helm/repos
Successfully added Helm repository jenkins-x-chartmuseum.
WARNING: No $CHART_REPOSITORY defined so using the default value of: http://jenkins-x-chartmuseum:8080
Adding missing Helm repo: chartmuseum.jenkins-x.io http://chartmuseum.jenkins-x.io
WARNING: No secrets found on "helm/repos" due: reading the secret "helm/repos" from vault: no secret "helm/repos" not found in vault
Read credentials for http://chartmuseum.jenkins-x.io from vault helm/repos
Successfully added Helm repository chartmuseum.jenkins-x.io.
