
Showing logs for build [32mcb-kubecd-environment-pr-182-73-jffzc-1[0m stage [32mfrom-build-pack[0m and container [32mstep-credential-initializer-qrrhw[0m
{"level":"warn","ts":1584285083.0718615,"logger":"fallback-logger","caller":"logging/config.go:69","msg":"Fetch GitHub commit ID from kodata failed: \"ref: refs/heads/0.8.0-**-support-backwards-incompats\" is not a valid GitHub commit ID"}
{"level":"info","ts":1584285083.0725336,"logger":"fallback-logger","caller":"creds-init/main.go:40","msg":"Credentials initialized."}

Showing logs for build [32mcb-kubecd-environment-pr-182-73-jffzc-1[0m stage [32mfrom-build-pack[0m and container [32mstep-working-dir-initializer-qxfgc[0m
{"level":"warn","ts":1584285084.6104307,"logger":"fallback-logger","caller":"logging/config.go:69","msg":"Fetch GitHub commit ID from kodata failed: open /var/run/ko/HEAD: no such file or directory"}
{"level":"info","ts":1584285084.6125503,"logger":"fallback-logger","caller":"bash/main.go:64","msg":"Successfully executed command \"sh -c mkdir -p /workspace/source\"; output "}

Showing logs for build [32mcb-kubecd-environment-pr-182-73-jffzc-1[0m stage [32mfrom-build-pack[0m and container [32mstep-place-tools[0m

Showing logs for build [32mcb-kubecd-environment-pr-182-73-jffzc-1[0m stage [32mfrom-build-pack[0m and container [32mstep-git-source-cb-kubecd-environment-pr-182-73-jffzc-9dc5l[0m
{"level":"warn","ts":1584285089.724352,"logger":"fallback-logger","caller":"logging/config.go:69","msg":"Fetch GitHub commit ID from kodata failed: \"ref: refs/heads/0.8.0-**-support-backwards-incompats\" is not a valid GitHub commit ID"}
{"level":"info","ts":1584285090.82771,"logger":"fallback-logger","caller":"git/git.go:103","msg":"Successfully cloned https://github.com/cb-kubecd/environment-pr-182-73-boot-gke-staging.git @ master in path /workspace/source"}

Showing logs for build [32mcb-kubecd-environment-pr-182-73-jffzc-1[0m stage [32mfrom-build-pack[0m and container [32mstep-git-merge[0m
Using SHAs from PULL_REFS=master:3cc7f7707f23577a9ea41b59c986de22d6ffd798,4:43815bafaaa0352e750df7870627c789ffdb7897
DEBUG: LC_ALL=C JX_LOG_LEVEL=error git fetch origin --unshallow 43815bafaaa0352e750df7870627c789ffdb7897: 3cc7f7707f23577a9ea41b59c986de22d6ffd798:
DEBUG: ran git fetch --unshallow origin 43815bafaaa0352e750df7870627c789ffdb7897: 3cc7f7707f23577a9ea41b59c986de22d6ffd798: in 
DEBUG: LC_ALL=C JX_LOG_LEVEL=error git branch
DEBUG: LC_ALL=C JX_LOG_LEVEL=error git checkout master
DEBUG: ran git checkout master in 
DEBUG: LC_ALL=C JX_LOG_LEVEL=error git reset --hard 3cc7f7707f23577a9ea41b59c986de22d6ffd798
DEBUG: ran git reset --hard 3cc7f7707f23577a9ea41b59c986de22d6ffd798 in 
DEBUG: LC_ALL=C JX_LOG_LEVEL=error git clean -fd .
DEBUG: ran clean --force -d . in 
DEBUG: JX_LOG_LEVEL=error LC_ALL=C git merge 43815bafaaa0352e750df7870627c789ffdb7897
DEBUG: ran git merge 43815bafaaa0352e750df7870627c789ffdb7897 in 
DEBUG: LC_ALL=C JX_LOG_LEVEL=error git log --format=%H%x1f%an%x1f%ae%x1f%cn%x1f%ce%x1f%s%n%b%x1e 3cc7f7707f23577a9ea41b59c986de22d6ffd798..HEAD
Merged SHA 43815bafaaa0352e750df7870627c789ffdb7897 with commit message 'chore: Promote bdd-gh-1584283269 to version 0.0.1' into base branch master

Showing logs for build [32mcb-kubecd-environment-pr-182-73-jffzc-1[0m stage [32mfrom-build-pack[0m and container [32mstep-build-helm-build[0m
WARNING: No $CHART_REPOSITORY defined so using the default value of: http://jenkins-x-chartmuseum:8080
Adding missing Helm repo: storage.googleapis.com https://storage.googleapis.com/chartmuseum.jenkins-x.io
WARNING: No secrets found on "helm/repos" due: reading the secret "helm/repos" from vault: no secret "helm/repos" not found in vault
Read credentials for https://storage.googleapis.com/chartmuseum.jenkins-x.io from vault helm/repos
Successfully added Helm repository storage.googleapis.com.
Adding missing Helm repo: jenkins-x-chartmuseum http://jenkins-x-chartmuseum:8080
WARNING: No secrets found on "helm/repos" due: reading the secret "helm/repos" from vault: no secret "helm/repos" not found in vault
Read credentials for http://jenkins-x-chartmuseum:8080 from vault helm/repos
Successfully added Helm repository jenkins-x-chartmuseum.
WARNING: No $CHART_REPOSITORY defined so using the default value of: http://jenkins-x-chartmuseum:8080
Adding missing Helm repo: chartmuseum.jenkins-x.io http://chartmuseum.jenkins-x.io
WARNING: No secrets found on "helm/repos" due: reading the secret "helm/repos" from vault: no secret "helm/repos" not found in vault
Read credentials for http://chartmuseum.jenkins-x.io from vault helm/repos
Successfully added Helm repository chartmuseum.jenkins-x.io.
